1727182155952:hi
1727182176374:help
1727182180934:clear
1727182186328:version
1727182572617:help
1727182581863:hello-world
1727182592590:hello-world ssss
1727183597224:help
1727183612648:parent example
1727183732401:help
1727183739911:parent
1727183747552:parent example
1727184348890:download
1727184358720:connect
1727184388472:connect --connected
1727184397408:download
1727185356282:connect --connected
1727185360688:d
1727185362544:dd
1727185363713:d
1727185520098:connect --coonnected
1727185533356:connect --connected
1727186274013:example
1727186283641:example --arg
1727186288785:exx
1727186299017:example --arg a s
1727186304699:example --arg a b v c x
1727186370211:example
1727186380721:example --ar
1727186388618:example --arg
1727186396577:example --arg a b v
1727186413617:example --arg
1727186469314:example --arg a
1727186472761:example --arg s b
1727187142996:example --arg 1
1727187174876:example --arg s
1727187191372:example --xarg s
1727187761923:flow
1727187772107:flow showcase
1727187904515:ex
1727190158752:runFlow
1727190235701:flow showcase
1727190292999:flow
1727190786658:ex
1727190804461:example
1727190840932:parent ex
1727190894882:e
1727190948061:start-flow
1727191017325:ex
1727191054942:ee
1727191056869:ex
1727191120685:startFlow
1727191136246:ex
1727191138468:startFlow
1727191144374:example
1727191178101:ex
1727191187653:startFlow
1727191227038:hi
1727191258364:ex
1727191639910:startFlow
1727191769069:start-flow
1727191782909:start-flow ss
1727191973064:start-flow
1727507779831:hi
1727507795548:connect
1727507896485:hi
1727512162265:hi -name ssss
1727512169365:hi --name ssss
1727512220943:hi --name sssss
1727512408263:hi --name ssss
1727513039970:hi --name bbbb
1727513357258:hi --name ssss
1727519691399:hi --name bbbb
1727519777669:hi --name ssss
1727519801471:hi --name bbbb
1727677205405:hi
1727677700491:showGrid
1727677714529:hi
1727677734185:connect
1727677755321:show-grid
1727679768910:show-table-grid-view
1727679782947:show-table-grid-view1
1727683070103:hi
1727683766216:hi --name ssss
1727768122764:hi
1727768143762:hi --name ssss
1728984174748:dsl
1732709413747:hi
1732718862344:help
1732718870774:hi
1732718877839:connect
1732718886143:connect --connected
1732719093159:dsl
1733139164793:download
1733139208520:d
1733139219595:ff
1733139236273:example
1733139277177:example --arg
1733139288481:example --xarg
1733139301296:example --xarg a
1733139329001:example --arg b
